Added Component: Designator=C100(C_0402)
Added Component: Designator=C101(C_0402)
Added Component: Designator=C102(C_0402)
Added Component: Designator=C103(C_0402)
Added Component: Designator=C104(C_0402)
Added Component: Designator=C105(C_0402)
Added Component: Designator=C200(C_0402)
Added Component: Designator=C201(C_0402)
Added Component: Designator=C202(C_0402)
Added Component: Designator=C203(C_0402)
Added Component: Designator=C204(C_0402)
Added Component: Designator=C205(C_0402)
Added Component: Designator=CN200(7499010121A)
Add component (AddParameter): Name = "ComponentLink1Description"; Value = "Datasheet"; VariantName = "[No Variations]"
Add component (AddParameter): Name = "ComponentLink1URL"; Value = "https://www.we-online.com/components/products/datasheet/7499010121A.pdf"; VariantName = "[No Variations]"
Added Component: Designator=IC100(SOT-23)
Add component (AddParameter): Name = "ComponentLink1Description"; Value = "New link"; VariantName = "[No Variations]"
Add component (AddParameter): Name = "ComponentLink1URL"; Value = "https://www.ti.com/lit/ds/symlink/tlv740p.pdf?ts=1680939934820"; VariantName = "[No Variations]"
Added Component: Designator=IC101(LQFP32)
Add component (AddParameter): Name = "ComponentLink1Description"; Value = "Datasheet"; VariantName = "[No Variations]"
Add component (AddParameter): Name = "ComponentLink1URL"; Value = "https://www.st.com/resource/en/datasheet/stm32g431kb.pdf"; VariantName = "[No Variations]"
Added Component: Designator=IC200(QFN28)
Add component (AddParameter): Name = "ComponentLink1Description"; Value = "Datasheet"; VariantName = "[No Variations]"
Add component (AddParameter): Name = "ComponentLink1URL"; Value = "http://www.wch-ic.com/downloads/file/317.html?time=2022-08-22%2013:41:33&code=5fVJkrWqOqsN9oFySIYUkoTgQwx098RKZyXylZKH"; VariantName = "[No Variations]"
Added Component: Designator=R100(R_0402)
Added Component: Designator=R200(R_0402)
Added Component: Designator=R201(R_0402)
Added Component: Designator=ST100(629004113921)
Add component (AddParameter): Name = "ComponentLink1Description"; Value = "New link"; VariantName = "[No Variations]"
Add component (AddParameter): Name = "ComponentLink1URL"; Value = "https://www.we-online.com/components/products/datasheet/629004113921.pdf"; VariantName = "[No Variations]"
Added Component: Designator=TP100(STP_0.5mm)
Added Component: Designator=TP101(STP_0.5mm)
Added Component: Designator=TP102(STP_0.5mm)
Added Component: Designator=TP200(STP_0.5mm)
Added Component: Designator=TP201(STP_0.5mm)
Added Component: Designator=TP202(STP_0.5mm)
Added Component: Designator=TP203(STP_0.5mm)
Added Component: Designator=TP204(STP_0.5mm)
Added Component: Designator=TP205(STP_0.5mm)
Added Component: Designator=TP206(STP_0.5mm)
Added Component: Designator=TP207(STP_0.5mm)
Added Component: Designator=X200(HCR2016)
Add component (AddParameter): Name = "ComponentLink1Description"; Value = "New link"; VariantName = "[No Variations]"
Add component (AddParameter): Name = "ComponentLink1URL"; Value = "https://www.murata.com/products/productdata/8801079099422/SPEC-XRCGB32M000F0L00R0.pdf?1541043011000"; VariantName = "[No Variations]"
Added Pin To Net: NetName=3V3 Pin=C101-2
Added Pin To Net: NetName=3V3 Pin=C102-2
Added Pin To Net: NetName=3V3 Pin=C103-2
Added Pin To Net: NetName=3V3 Pin=C104-2
Added Pin To Net: NetName=3V3 Pin=C105-2
Added Pin To Net: NetName=3V3 Pin=C202-2
Added Pin To Net: NetName=3V3 Pin=C205-2
Added Pin To Net: NetName=3V3 Pin=CN200-2
Added Pin To Net: NetName=3V3 Pin=CN200-5
Added Pin To Net: NetName=3V3 Pin=IC100-5
Added Pin To Net: NetName=3V3 Pin=IC101-1
Added Pin To Net: NetName=3V3 Pin=IC101-15
Added Pin To Net: NetName=3V3 Pin=IC101-17
Added Pin To Net: NetName=3V3 Pin=IC200-5
Added Pin To Net: NetName=3V3 Pin=R200-2
Added Pin To Net: NetName=3V3 Pin=R201-2
Added Pin To Net: NetName=3V3 Pin=TP101-1
Added Net: Name=3V3
Added Pin To Net: NetName=5V0 Pin=C100-2
Added Pin To Net: NetName=5V0 Pin=IC100-1
Added Pin To Net: NetName=5V0 Pin=IC100-3
Added Pin To Net: NetName=5V0 Pin=R100-2
Added Pin To Net: NetName=5V0 Pin=ST100-1
Added Pin To Net: NetName=5V0 Pin=TP100-1
Added Net: Name=5V0
Added Pin To Net: NetName=ACT Pin=CN200-11
Added Pin To Net: NetName=ACT Pin=IC200-14
Added Net: Name=ACT
Added Pin To Net: NetName=ETH_CFGEN Pin=IC101-10
Added Pin To Net: NetName=ETH_CFGEN Pin=IC200-23
Added Pin To Net: NetName=ETH_CFGEN Pin=TP202-1
Added Net: Name=ETH_CFGEN
Added Pin To Net: NetName=ETH_CFG Pin=IC101-9
Added Pin To Net: NetName=ETH_CFG Pin=IC200-26
Added Pin To Net: NetName=ETH_CFG Pin=TP203-1
Added Net: Name=ETH_CFG
Added Pin To Net: NetName=ETH_nFAC Pin=IC101-6
Added Pin To Net: NetName=ETH_nFAC Pin=IC200-27
Added Pin To Net: NetName=ETH_nFAC Pin=TP204-1
Added Net: Name=ETH_nFAC
Added Pin To Net: NetName=ETH_nRST Pin=IC101-12
Added Pin To Net: NetName=ETH_nRST Pin=IC200-16
Added Pin To Net: NetName=ETH_nRST Pin=TP200-1
Added Net: Name=ETH_nRST
Added Pin To Net: NetName=ETH_nTCPCS Pin=IC101-5
Added Pin To Net: NetName=ETH_nTCPCS Pin=IC200-28
Added Pin To Net: NetName=ETH_nTCPCS Pin=TP205-1
Added Net: Name=ETH_nTCPCS
Added Pin To Net: NetName=ETH_RUN Pin=IC101-11
Added Pin To Net: NetName=ETH_RUN Pin=IC200-17
Added Pin To Net: NetName=ETH_RUN Pin=TP201-1
Added Net: Name=ETH_RUN
Added Pin To Net: NetName=GND Pin=C100-1
Added Pin To Net: NetName=GND Pin=C101-1
Added Pin To Net: NetName=GND Pin=C102-1
Added Pin To Net: NetName=GND Pin=C103-1
Added Pin To Net: NetName=GND Pin=C104-1
Added Pin To Net: NetName=GND Pin=C105-1
Added Pin To Net: NetName=GND Pin=C200-1
Added Pin To Net: NetName=GND Pin=C201-1
Added Pin To Net: NetName=GND Pin=C202-1
Added Pin To Net: NetName=GND Pin=C203-1
Added Pin To Net: NetName=GND Pin=C204-1
Added Pin To Net: NetName=GND Pin=C205-1
Added Pin To Net: NetName=GND Pin=CN200-8
Added Pin To Net: NetName=GND Pin=IC100-2
Added Pin To Net: NetName=GND Pin=IC101-14
Added Pin To Net: NetName=GND Pin=IC101-16
Added Pin To Net: NetName=GND Pin=IC101-31
Added Pin To Net: NetName=GND Pin=IC101-32
Added Pin To Net: NetName=GND Pin=IC200-0
Added Pin To Net: NetName=GND Pin=IC200-0
Added Pin To Net: NetName=GND Pin=ST100-4
Added Pin To Net: NetName=GND Pin=ST100-5
Added Pin To Net: NetName=GND Pin=ST100-5
Added Pin To Net: NetName=GND Pin=TP102-1
Added Net: Name=GND
Added Pin To Net: NetName=LINK Pin=CN200-9
Added Pin To Net: NetName=LINK Pin=IC200-15
Added Net: Name=LINK
Added Pin To Net: NetName=NetCN200_10 Pin=CN200-10
Added Pin To Net: NetName=NetCN200_10 Pin=R200-1
Added Net: Name=NetCN200_10
Added Pin To Net: NetName=NetCN200_12 Pin=CN200-12
Added Pin To Net: NetName=NetCN200_12 Pin=R201-1
Added Net: Name=NetCN200_12
Added Pin To Net: NetName=NRST Pin=IC101-4
Added Net: Name=NRST
Added Pin To Net: NetName=RXN Pin=CN200-6
Added Pin To Net: NetName=RXN Pin=IC200-9
Added Net: Name=RXN
Added Pin To Net: NetName=RXP Pin=CN200-4
Added Pin To Net: NetName=RXP Pin=IC200-8
Added Net: Name=RXP
Added Pin To Net: NetName=STM_RX Pin=IC101-8
Added Pin To Net: NetName=STM_RX Pin=IC200-7
Added Pin To Net: NetName=STM_RX Pin=TP207-1
Added Net: Name=STM_RX
Added Pin To Net: NetName=STM_TX Pin=IC101-7
Added Pin To Net: NetName=STM_TX Pin=IC200-6
Added Pin To Net: NetName=STM_TX Pin=TP206-1
Added Net: Name=STM_TX
Added Pin To Net: NetName=SWDCLK Pin=IC101-24
Added Net: Name=SWDCLK
Added Pin To Net: NetName=SWDIO Pin=IC101-23
Added Net: Name=SWDIO
Added Pin To Net: NetName=TXN Pin=CN200-3
Added Pin To Net: NetName=TXN Pin=IC200-11
Added Net: Name=TXN
Added Pin To Net: NetName=TXP Pin=CN200-1
Added Pin To Net: NetName=TXP Pin=IC200-10
Added Net: Name=TXP
Added Pin To Net: NetName=USB_DN Pin=IC101-21
Added Pin To Net: NetName=USB_DN Pin=ST100-2
Added Net: Name=USB_DN
Added Pin To Net: NetName=USB_DP Pin=IC101-22
Added Pin To Net: NetName=USB_DP Pin=R100-1
Added Pin To Net: NetName=USB_DP Pin=ST100-3
Added Net: Name=USB_DP
Added Pin To Net: NetName=VCC Pin=C204-2
Added Pin To Net: NetName=VCC Pin=IC200-3
Added Pin To Net: NetName=VCC Pin=IC200-4
Added Pin To Net: NetName=VCC Pin=IC200-22
Added Net: Name=VCC
Added Pin To Net: NetName=VREF Pin=C203-2
Added Pin To Net: NetName=VREF Pin=IC200-20
Added Net: Name=VREF
Added Pin To Net: NetName=XI Pin=C200-2
Added Pin To Net: NetName=XI Pin=IC200-19
Added Pin To Net: NetName=XI Pin=X200-1
Added Net: Name=XI
Added Pin To Net: NetName=XO Pin=C201-2
Added Pin To Net: NetName=XO Pin=IC200-18
Added Pin To Net: NetName=XO Pin=X200-3
Added Net: Name=XO
Added Class: Name=Controller
Added Class: Name=Ethernet
Added Room: Name=Controller
Added Room: Name=Ethernet
