Change Physical Footprint: Designator=C100 Old Footprint=C_0402 New Footprint=C_0402
Change Physical Footprint: Designator=C101 Old Footprint=C_0402 New Footprint=C_0402
Change Physical Footprint: Designator=C102 Old Footprint=C_0402 New Footprint=C_0402
Change Physical Footprint: Designator=C103 Old Footprint=C_0402 New Footprint=C_0402
Change Physical Footprint: Designator=C104 Old Footprint=C_0402 New Footprint=C_0402
Change Physical Footprint: Designator=C105 Old Footprint=C_0402 New Footprint=C_0402
Change Physical Footprint: Designator=C200 Old Footprint=C_0402 New Footprint=C_0402
Change Physical Footprint: Designator=C201 Old Footprint=C_0402 New Footprint=C_0402
Change Physical Footprint: Designator=C202 Old Footprint=C_0402 New Footprint=C_0402
Change Physical Footprint: Designator=C203 Old Footprint=C_0402 New Footprint=C_0402
Change Physical Footprint: Designator=C204 Old Footprint=C_0402 New Footprint=C_0402
Change Physical Footprint: Designator=C205 Old Footprint=C_0402 New Footprint=C_0402
Change Physical Footprint: Designator=CN200 Old Footprint=7499010121A New Footprint=7499010121A
Change Physical Footprint: Designator=DBG Old Footprint=SWD Interface Target New Footprint=SWD Interface Target
Change Physical Footprint: Designator=IC100 Old Footprint=SOT-23 New Footprint=SOT-23
Change Physical Footprint: Designator=IC101 Old Footprint=LQFP32 New Footprint=LQFP32
Change Physical Footprint: Designator=IC200 Old Footprint=QFN28 New Footprint=QFN28
Change Physical Footprint: Designator=R100 Old Footprint=R_0402 New Footprint=R_0402
Change Physical Footprint: Designator=R200 Old Footprint=R_0402 New Footprint=R_0402
Change Physical Footprint: Designator=R201 Old Footprint=R_0402 New Footprint=R_0402
Change Physical Footprint: Designator=ST100 Old Footprint=629004113921 New Footprint=629004113921
Change Physical Footprint: Designator=TP100 Old Footprint=STP_0.5mm New Footprint=STP_0.5mm
Change Physical Footprint: Designator=TP101 Old Footprint=STP_0.5mm New Footprint=STP_0.5mm
Change Physical Footprint: Designator=TP102 Old Footprint=STP_0.5mm New Footprint=STP_0.5mm
Change Physical Footprint: Designator=TP103 Old Footprint=TTP_1mm New Footprint=TTP_1mm
Change Physical Footprint: Designator=TP104 Old Footprint=TTP_1mm New Footprint=TTP_1mm
Change Physical Footprint: Designator=TP200 Old Footprint=STP_0.5mm New Footprint=STP_0.5mm
Change Physical Footprint: Designator=TP201 Old Footprint=STP_0.5mm New Footprint=STP_0.5mm
Change Physical Footprint: Designator=TP202 Old Footprint=STP_0.5mm New Footprint=STP_0.5mm
Change Physical Footprint: Designator=TP203 Old Footprint=STP_0.5mm New Footprint=STP_0.5mm
Change Physical Footprint: Designator=TP204 Old Footprint=STP_0.5mm New Footprint=STP_0.5mm
Change Physical Footprint: Designator=TP205 Old Footprint=STP_0.5mm New Footprint=STP_0.5mm
Change Physical Footprint: Designator=X200 Old Footprint=HCR2016 New Footprint=HCR2016
